2025-10-25 19:24:53,178 - pm_simulator - INFO - agent-71f87445-3827-4b4f-ba50-a4dee710db59 updated artifact artifacts\codebases\agent-71f87445-3827-4b4f-ba50-a4dee710db59_codebase.txt: codebase_updated
2025-10-25 19:24:53,179 - pm_simulator - DEBUG -     Preview: Codebase size: 0 chars
2025-10-25 19:24:53,179 - pm_simulator - INFO - agent-3a0fdec6-2815-4c15-a134-11eb2f585b08 updated artifact artifacts\codebases\agent-3a0fdec6-2815-4c15-a134-11eb2f585b08_codebase.txt: codebase_updated
2025-10-25 19:24:53,179 - pm_simulator - DEBUG -     Preview: Codebase size: 0 chars
2025-10-25 19:24:53,187 - pm_simulator - INFO - agent-8d983140-f00e-4f87-8dbe-896957c787fc updated artifact artifacts\codebases\agent-8d983140-f00e-4f87-8dbe-896957c787fc_codebase.txt: codebase_updated
2025-10-25 19:24:53,187 - pm_simulator - DEBUG -     Preview: Codebase size: 0 chars
2025-10-25 19:24:53,188 - pm_simulator - INFO - agent-aa0cbf7d-2df1-4df4-9087-d3a6bdb9fa2f updated artifact artifacts\codebases\agent-aa0cbf7d-2df1-4df4-9087-d3a6bdb9fa2f_codebase.txt: codebase_updated
2025-10-25 19:24:53,188 - pm_simulator - DEBUG -     Preview: Codebase size: 0 chars
2025-10-25 19:24:53,188 - pm_simulator - INFO - Starting PM Simulator Session
2025-10-25 19:24:53,188 - pm_simulator - INFO - Project: make a 3d cube
2025-10-25 19:24:56,521 - pm_simulator - INFO - agent-71f87445-3827-4b4f-ba50-a4dee710db59: subtask_started
2025-10-25 19:24:56,521 - pm_simulator - DEBUG -     subtask_id: 1
2025-10-25 19:24:56,521 - pm_simulator - DEBUG -     description: Determine the specifications for the 3D cube, including dimensions, color, and intended platform or usage.
2025-10-25 19:24:56,522 - pm_simulator - INFO - agent-71f87445-3827-4b4f-ba50-a4dee710db59 updated artifact artifacts\codebases\agent-71f87445-3827-4b4f-ba50-a4dee710db59_codebase.txt: codebase_updated
2025-10-25 19:24:56,522 - pm_simulator - DEBUG -     Preview: Codebase size: 22 chars
2025-10-25 19:24:56,522 - pm_simulator - INFO - agent-3a0fdec6-2815-4c15-a134-11eb2f585b08: subtask_started
2025-10-25 19:24:56,522 - pm_simulator - DEBUG -     subtask_id: 1
2025-10-25 19:24:56,523 - pm_simulator - DEBUG -     description: Determine the specifications for the 3D cube, including dimensions, color, and intended platform or usage.
2025-10-25 19:24:56,524 - pm_simulator - INFO - agent-3a0fdec6-2815-4c15-a134-11eb2f585b08 updated artifact artifacts\codebases\agent-3a0fdec6-2815-4c15-a134-11eb2f585b08_codebase.txt: codebase_updated
2025-10-25 19:24:56,524 - pm_simulator - DEBUG -     Preview: Codebase size: 22 chars
2025-10-25 19:24:56,525 - pm_simulator - INFO - agent-8d983140-f00e-4f87-8dbe-896957c787fc: subtask_started
2025-10-25 19:24:56,526 - pm_simulator - DEBUG -     subtask_id: 1
2025-10-25 19:24:56,526 - pm_simulator - DEBUG -     description: Determine the specifications for the 3D cube, including dimensions, color, and intended platform or usage.
2025-10-25 19:24:56,527 - pm_simulator - INFO - agent-8d983140-f00e-4f87-8dbe-896957c787fc updated artifact artifacts\codebases\agent-8d983140-f00e-4f87-8dbe-896957c787fc_codebase.txt: codebase_updated
2025-10-25 19:24:56,527 - pm_simulator - DEBUG -     Preview: Codebase size: 22 chars
2025-10-25 19:24:56,528 - pm_simulator - INFO - agent-aa0cbf7d-2df1-4df4-9087-d3a6bdb9fa2f: subtask_started
2025-10-25 19:24:56,528 - pm_simulator - DEBUG -     subtask_id: 1
2025-10-25 19:24:56,528 - pm_simulator - DEBUG -     description: Determine the specifications for the 3D cube, including dimensions, color, and intended platform or usage.
2025-10-25 19:24:56,528 - pm_simulator - INFO - agent-aa0cbf7d-2df1-4df4-9087-d3a6bdb9fa2f updated artifact artifacts\codebases\agent-aa0cbf7d-2df1-4df4-9087-d3a6bdb9fa2f_codebase.txt: codebase_updated
2025-10-25 19:24:56,528 - pm_simulator - DEBUG -     Preview: Codebase size: 22 chars
2025-10-25 19:24:59,549 - pm_simulator - INFO - agent-aa0cbf7d-2df1-4df4-9087-d3a6bdb9fa2f created conversation artifact: artifacts\subtask_1\raw\agent-aa0cbf7d-2df1-4df4-9087-d3a6bdb9fa2f_conversation.json
2025-10-25 19:24:59,549 - pm_simulator - DEBUG -     Description: Subtask 1 conversation saved
2025-10-25 19:25:10,118 - pm_simulator - INFO - agent-3a0fdec6-2815-4c15-a134-11eb2f585b08 created conversation artifact: artifacts\subtask_1\raw\agent-3a0fdec6-2815-4c15-a134-11eb2f585b08_conversation.json
2025-10-25 19:25:10,119 - pm_simulator - DEBUG -     Description: Subtask 1 conversation saved
2025-10-25 19:25:10,476 - pm_simulator - INFO - agent-8d983140-f00e-4f87-8dbe-896957c787fc created conversation artifact: artifacts\subtask_1\raw\agent-8d983140-f00e-4f87-8dbe-896957c787fc_conversation.json
2025-10-25 19:25:10,476 - pm_simulator - DEBUG -     Description: Subtask 1 conversation saved
2025-10-25 19:25:12,713 - pm_simulator - INFO - agent-71f87445-3827-4b4f-ba50-a4dee710db59 created conversation artifact: artifacts\subtask_1\raw\agent-71f87445-3827-4b4f-ba50-a4dee710db59_conversation.json
2025-10-25 19:25:12,713 - pm_simulator - DEBUG -     Description: Subtask 1 conversation saved
2025-10-25 19:25:24,445 - pm_simulator - INFO - agent-6d89c73d-b3c7-416d-bd5b-2172c8cdf95d created narrative artifact: artifacts\subtask_1\commentator_narrative.md
2025-10-25 19:25:24,445 - pm_simulator - DEBUG -     Description: Subtask 1 narrative
