2025-10-25 18:58:40,225 - pm_simulator - INFO - agent-71f87445-3827-4b4f-ba50-a4dee710db59 updated artifact artifacts\codebases\agent-71f87445-3827-4b4f-ba50-a4dee710db59_codebase.txt: codebase_updated
2025-10-25 18:58:40,225 - pm_simulator - DEBUG -     Preview: Codebase size: 0 chars
2025-10-25 18:58:40,226 - pm_simulator - INFO - agent-3a0fdec6-2815-4c15-a134-11eb2f585b08 updated artifact artifacts\codebases\agent-3a0fdec6-2815-4c15-a134-11eb2f585b08_codebase.txt: codebase_updated
2025-10-25 18:58:40,226 - pm_simulator - DEBUG -     Preview: Codebase size: 0 chars
2025-10-25 18:58:40,236 - pm_simulator - INFO - agent-8d983140-f00e-4f87-8dbe-896957c787fc updated artifact artifacts\codebases\agent-8d983140-f00e-4f87-8dbe-896957c787fc_codebase.txt: codebase_updated
2025-10-25 18:58:40,236 - pm_simulator - DEBUG -     Preview: Codebase size: 0 chars
2025-10-25 18:58:40,237 - pm_simulator - INFO - agent-aa0cbf7d-2df1-4df4-9087-d3a6bdb9fa2f updated artifact artifacts\codebases\agent-aa0cbf7d-2df1-4df4-9087-d3a6bdb9fa2f_codebase.txt: codebase_updated
2025-10-25 18:58:40,237 - pm_simulator - DEBUG -     Preview: Codebase size: 0 chars
2025-10-25 18:58:40,238 - pm_simulator - INFO - Starting PM Simulator Session
2025-10-25 18:58:40,238 - pm_simulator - INFO - Project: make a 3d cube
2025-10-25 18:58:46,160 - pm_simulator - INFO - agent-71f87445-3827-4b4f-ba50-a4dee710db59: subtask_started
2025-10-25 18:58:46,160 - pm_simulator - DEBUG -     subtask_id: 1
2025-10-25 18:58:46,160 - pm_simulator - DEBUG -     description: Define the specifications for the 3D cube, including size, scale, and intended platform (e.g., web, game engine, 3D printing).
2025-10-25 18:58:46,162 - pm_simulator - INFO - agent-71f87445-3827-4b4f-ba50-a4dee710db59 updated artifact artifacts\codebases\agent-71f87445-3827-4b4f-ba50-a4dee710db59_codebase.txt: codebase_updated
2025-10-25 18:58:46,163 - pm_simulator - DEBUG -     Preview: Codebase size: 22 chars
2025-10-25 18:58:46,164 - pm_simulator - INFO - agent-3a0fdec6-2815-4c15-a134-11eb2f585b08: subtask_started
2025-10-25 18:58:46,164 - pm_simulator - DEBUG -     subtask_id: 1
2025-10-25 18:58:46,164 - pm_simulator - DEBUG -     description: Define the specifications for the 3D cube, including size, scale, and intended platform (e.g., web, game engine, 3D printing).
2025-10-25 18:58:46,166 - pm_simulator - INFO - agent-3a0fdec6-2815-4c15-a134-11eb2f585b08 updated artifact artifacts\codebases\agent-3a0fdec6-2815-4c15-a134-11eb2f585b08_codebase.txt: codebase_updated
2025-10-25 18:58:46,167 - pm_simulator - DEBUG -     Preview: Codebase size: 22 chars
2025-10-25 18:58:46,169 - pm_simulator - INFO - agent-8d983140-f00e-4f87-8dbe-896957c787fc: subtask_started
2025-10-25 18:58:46,169 - pm_simulator - DEBUG -     subtask_id: 1
2025-10-25 18:58:46,169 - pm_simulator - DEBUG -     description: Define the specifications for the 3D cube, including size, scale, and intended platform (e.g., web, game engine, 3D printing).
2025-10-25 18:58:46,173 - pm_simulator - INFO - agent-8d983140-f00e-4f87-8dbe-896957c787fc updated artifact artifacts\codebases\agent-8d983140-f00e-4f87-8dbe-896957c787fc_codebase.txt: codebase_updated
2025-10-25 18:58:46,173 - pm_simulator - DEBUG -     Preview: Codebase size: 22 chars
2025-10-25 18:58:46,174 - pm_simulator - INFO - agent-aa0cbf7d-2df1-4df4-9087-d3a6bdb9fa2f: subtask_started
2025-10-25 18:58:46,174 - pm_simulator - DEBUG -     subtask_id: 1
2025-10-25 18:58:46,174 - pm_simulator - DEBUG -     description: Define the specifications for the 3D cube, including size, scale, and intended platform (e.g., web, game engine, 3D printing).
2025-10-25 18:58:46,176 - pm_simulator - INFO - agent-aa0cbf7d-2df1-4df4-9087-d3a6bdb9fa2f updated artifact artifacts\codebases\agent-aa0cbf7d-2df1-4df4-9087-d3a6bdb9fa2f_codebase.txt: codebase_updated
2025-10-25 18:58:46,176 - pm_simulator - DEBUG -     Preview: Codebase size: 22 chars
2025-10-25 18:58:49,602 - pm_simulator - INFO - agent-8d983140-f00e-4f87-8dbe-896957c787fc created conversation artifact: artifacts\subtask_1\raw\agent-8d983140-f00e-4f87-8dbe-896957c787fc_conversation.json
2025-10-25 18:58:49,603 - pm_simulator - DEBUG -     Description: Subtask 1 conversation saved
2025-10-25 18:58:49,813 - pm_simulator - INFO - agent-71f87445-3827-4b4f-ba50-a4dee710db59 created conversation artifact: artifacts\subtask_1\raw\agent-71f87445-3827-4b4f-ba50-a4dee710db59_conversation.json
2025-10-25 18:58:49,813 - pm_simulator - DEBUG -     Description: Subtask 1 conversation saved
2025-10-25 18:58:50,112 - pm_simulator - INFO - agent-aa0cbf7d-2df1-4df4-9087-d3a6bdb9fa2f created conversation artifact: artifacts\subtask_1\raw\agent-aa0cbf7d-2df1-4df4-9087-d3a6bdb9fa2f_conversation.json
2025-10-25 18:58:50,113 - pm_simulator - DEBUG -     Description: Subtask 1 conversation saved
2025-10-25 18:58:50,123 - pm_simulator - INFO - agent-3a0fdec6-2815-4c15-a134-11eb2f585b08 created conversation artifact: artifacts\subtask_1\raw\agent-3a0fdec6-2815-4c15-a134-11eb2f585b08_conversation.json
2025-10-25 18:58:50,123 - pm_simulator - DEBUG -     Description: Subtask 1 conversation saved
2025-10-25 18:58:59,826 - pm_simulator - INFO - agent-6d89c73d-b3c7-416d-bd5b-2172c8cdf95d created narrative artifact: artifacts\subtask_1\commentator_narrative.md
2025-10-25 18:58:59,826 - pm_simulator - DEBUG -     Description: Subtask 1 narrative
