2025-10-25 18:54:54,338 - pm_simulator - INFO - agent-71f87445-3827-4b4f-ba50-a4dee710db59 updated artifact artifacts\codebases\agent-71f87445-3827-4b4f-ba50-a4dee710db59_codebase.txt: codebase_updated
2025-10-25 18:54:54,338 - pm_simulator - DEBUG -     Preview: Codebase size: 0 chars
2025-10-25 18:54:54,340 - pm_simulator - INFO - agent-3a0fdec6-2815-4c15-a134-11eb2f585b08 updated artifact artifacts\codebases\agent-3a0fdec6-2815-4c15-a134-11eb2f585b08_codebase.txt: codebase_updated
2025-10-25 18:54:54,340 - pm_simulator - DEBUG -     Preview: Codebase size: 0 chars
2025-10-25 18:54:54,342 - pm_simulator - INFO - agent-8d983140-f00e-4f87-8dbe-896957c787fc updated artifact artifacts\codebases\agent-8d983140-f00e-4f87-8dbe-896957c787fc_codebase.txt: codebase_updated
2025-10-25 18:54:54,342 - pm_simulator - DEBUG -     Preview: Codebase size: 0 chars
2025-10-25 18:54:54,345 - pm_simulator - INFO - agent-aa0cbf7d-2df1-4df4-9087-d3a6bdb9fa2f updated artifact artifacts\codebases\agent-aa0cbf7d-2df1-4df4-9087-d3a6bdb9fa2f_codebase.txt: codebase_updated
2025-10-25 18:54:54,345 - pm_simulator - DEBUG -     Preview: Codebase size: 0 chars
2025-10-25 18:54:59,201 - pm_simulator - INFO - agent-71f87445-3827-4b4f-ba50-a4dee710db59 updated artifact artifacts\codebases\agent-71f87445-3827-4b4f-ba50-a4dee710db59_codebase.txt: codebase_updated
2025-10-25 18:54:59,201 - pm_simulator - DEBUG -     Preview: Codebase size: 0 chars
2025-10-25 18:54:59,202 - pm_simulator - INFO - agent-3a0fdec6-2815-4c15-a134-11eb2f585b08 updated artifact artifacts\codebases\agent-3a0fdec6-2815-4c15-a134-11eb2f585b08_codebase.txt: codebase_updated
2025-10-25 18:54:59,202 - pm_simulator - DEBUG -     Preview: Codebase size: 0 chars
2025-10-25 18:54:59,202 - pm_simulator - INFO - agent-8d983140-f00e-4f87-8dbe-896957c787fc updated artifact artifacts\codebases\agent-8d983140-f00e-4f87-8dbe-896957c787fc_codebase.txt: codebase_updated
2025-10-25 18:54:59,202 - pm_simulator - DEBUG -     Preview: Codebase size: 0 chars
2025-10-25 18:54:59,203 - pm_simulator - INFO - agent-aa0cbf7d-2df1-4df4-9087-d3a6bdb9fa2f updated artifact artifacts\codebases\agent-aa0cbf7d-2df1-4df4-9087-d3a6bdb9fa2f_codebase.txt: codebase_updated
2025-10-25 18:54:59,203 - pm_simulator - DEBUG -     Preview: Codebase size: 0 chars
2025-10-25 18:54:59,205 - pm_simulator - INFO - Starting PM Simulator Session
2025-10-25 18:54:59,205 - pm_simulator - INFO - Project: make a cube
2025-10-25 18:55:03,304 - pm_simulator - INFO - agent-71f87445-3827-4b4f-ba50-a4dee710db59: subtask_started
2025-10-25 18:55:03,304 - pm_simulator - DEBUG -     subtask_id: 1
2025-10-25 18:55:03,304 - pm_simulator - DEBUG -     description: Determine the intended use, dimensions, and material or medium for the cube (e.g., 3D model, physical object, graphic design).
2025-10-25 18:55:03,307 - pm_simulator - INFO - agent-71f87445-3827-4b4f-ba50-a4dee710db59 updated artifact artifacts\codebases\agent-71f87445-3827-4b4f-ba50-a4dee710db59_codebase.txt: codebase_updated
2025-10-25 18:55:03,307 - pm_simulator - DEBUG -     Preview: Codebase size: 22 chars
2025-10-25 18:55:03,309 - pm_simulator - INFO - agent-3a0fdec6-2815-4c15-a134-11eb2f585b08: subtask_started
2025-10-25 18:55:03,309 - pm_simulator - DEBUG -     subtask_id: 1
2025-10-25 18:55:03,309 - pm_simulator - DEBUG -     description: Determine the intended use, dimensions, and material or medium for the cube (e.g., 3D model, physical object, graphic design).
2025-10-25 18:55:03,321 - pm_simulator - INFO - agent-3a0fdec6-2815-4c15-a134-11eb2f585b08 updated artifact artifacts\codebases\agent-3a0fdec6-2815-4c15-a134-11eb2f585b08_codebase.txt: codebase_updated
2025-10-25 18:55:03,321 - pm_simulator - DEBUG -     Preview: Codebase size: 22 chars
2025-10-25 18:55:03,324 - pm_simulator - INFO - agent-8d983140-f00e-4f87-8dbe-896957c787fc: subtask_started
2025-10-25 18:55:03,324 - pm_simulator - DEBUG -     subtask_id: 1
2025-10-25 18:55:03,324 - pm_simulator - DEBUG -     description: Determine the intended use, dimensions, and material or medium for the cube (e.g., 3D model, physical object, graphic design).
2025-10-25 18:55:03,327 - pm_simulator - INFO - agent-8d983140-f00e-4f87-8dbe-896957c787fc updated artifact artifacts\codebases\agent-8d983140-f00e-4f87-8dbe-896957c787fc_codebase.txt: codebase_updated
2025-10-25 18:55:03,327 - pm_simulator - DEBUG -     Preview: Codebase size: 22 chars
2025-10-25 18:55:03,328 - pm_simulator - INFO - agent-aa0cbf7d-2df1-4df4-9087-d3a6bdb9fa2f: subtask_started
2025-10-25 18:55:03,329 - pm_simulator - DEBUG -     subtask_id: 1
2025-10-25 18:55:03,329 - pm_simulator - DEBUG -     description: Determine the intended use, dimensions, and material or medium for the cube (e.g., 3D model, physical object, graphic design).
2025-10-25 18:55:03,331 - pm_simulator - INFO - agent-aa0cbf7d-2df1-4df4-9087-d3a6bdb9fa2f updated artifact artifacts\codebases\agent-aa0cbf7d-2df1-4df4-9087-d3a6bdb9fa2f_codebase.txt: codebase_updated
2025-10-25 18:55:03,331 - pm_simulator - DEBUG -     Preview: Codebase size: 22 chars
2025-10-25 18:55:06,921 - pm_simulator - INFO - agent-71f87445-3827-4b4f-ba50-a4dee710db59 created conversation artifact: artifacts\subtask_1\raw\agent-71f87445-3827-4b4f-ba50-a4dee710db59_conversation.json
2025-10-25 18:55:06,922 - pm_simulator - DEBUG -     Description: Subtask 1 conversation saved
2025-10-25 18:55:08,000 - pm_simulator - INFO - agent-3a0fdec6-2815-4c15-a134-11eb2f585b08 created conversation artifact: artifacts\subtask_1\raw\agent-3a0fdec6-2815-4c15-a134-11eb2f585b08_conversation.json
2025-10-25 18:55:08,000 - pm_simulator - DEBUG -     Description: Subtask 1 conversation saved
2025-10-25 18:55:08,568 - pm_simulator - INFO - agent-aa0cbf7d-2df1-4df4-9087-d3a6bdb9fa2f created conversation artifact: artifacts\subtask_1\raw\agent-aa0cbf7d-2df1-4df4-9087-d3a6bdb9fa2f_conversation.json
2025-10-25 18:55:08,569 - pm_simulator - DEBUG -     Description: Subtask 1 conversation saved
2025-10-25 18:55:08,712 - pm_simulator - INFO - agent-8d983140-f00e-4f87-8dbe-896957c787fc created conversation artifact: artifacts\subtask_1\raw\agent-8d983140-f00e-4f87-8dbe-896957c787fc_conversation.json
2025-10-25 18:55:08,712 - pm_simulator - DEBUG -     Description: Subtask 1 conversation saved
2025-10-25 18:55:19,625 - pm_simulator - INFO - agent-6d89c73d-b3c7-416d-bd5b-2172c8cdf95d created narrative artifact: artifacts\subtask_1\commentator_narrative.md
2025-10-25 18:55:19,626 - pm_simulator - DEBUG -     Description: Subtask 1 narrative
